<?xml version="1.0" encoding="UTF-8"?>
<testsuite name="br.com.fiap.lanchonete.LanchoneteApplicationTests" tests="1" skipped="0" failures="0" errors="0" timestamp="2024-09-05T00:45:14" hostname="DESKTOP-FELIPE" time="0.596">
  <properties/>
  <testcase name="contextLoads()" classname="br.com.fiap.lanchonete.LanchoneteApplicationTests" time="0.596"/>
  <system-out><![CDATA[21:45:10.092 [Test worker] INFO org.springframework.test.context.support.AnnotationConfigContextLoaderUtils -- Could not detect default configuration classes for test class [br.com.fiap.lanchonete.LanchoneteApplicationTests]: LanchoneteApplicationTests does not declare any static, non-private, non-final, nested classes annotated with @Configuration.
21:45:10.210 [Test worker] INFO org.springframework.boot.test.context.SpringBootTestContextBootstrapper -- Found @SpringBootConfiguration br.com.fiap.lanchonete.LanchoneteApplication for test class br.com.fiap.lanchonete.LanchoneteApplicationTests

  .   ____          _            __ _ _
 /\\ / ___'_ __ _ _(_)_ __  __ _ \ \ \ \
( ( )\___ | '_ | '_| | '_ \/ _` | \ \ \ \
 \\/  ___)| |_)| | | | | || (_| |  ) ) ) )
  '  |____| .__|_| |_|_| |_\__, | / / / /
 =========|_|==============|___/=/_/_/_/
 :: Spring Boot ::                (v3.1.4)

2024-09-04T21:45:10.574-03:00  INFO 19560 --- [    Test worker] b.c.f.l.LanchoneteApplicationTests       : Starting LanchoneteApplicationTests using Java 17.0.8 with PID 19560 (started by User in Y:\TESTE\foodtech)
2024-09-04T21:45:10.575-03:00  INFO 19560 --- [    Test worker] b.c.f.l.LanchoneteApplicationTests       : No active profile set, falling back to 1 default profile: "default"
2024-09-04T21:45:11.313-03:00  INFO 19560 --- [    Test worker] .s.d.r.c.RepositoryConfigurationDelegate : Bootstrapping Spring Data JPA repositories in DEFAULT mode.
2024-09-04T21:45:11.390-03:00  INFO 19560 --- [    Test worker] .s.d.r.c.RepositoryConfigurationDelegate : Finished Spring Data repository scanning in 68 ms. Found 4 JPA repository interfaces.
2024-09-04T21:45:11.810-03:00  INFO 19560 --- [    Test worker] o.hibernate.jpa.internal.util.LogHelper  : HHH000204: Processing PersistenceUnitInfo [name: default]
2024-09-04T21:45:11.867-03:00  INFO 19560 --- [    Test worker] org.hibernate.Version                    : HHH000412: Hibernate ORM core version 6.2.9.Final
2024-09-04T21:45:11.869-03:00  INFO 19560 --- [    Test worker] org.hibernate.cfg.Environment            : HHH000406: Using bytecode reflection optimizer
2024-09-04T21:45:12.015-03:00  INFO 19560 --- [    Test worker] o.h.b.i.BytecodeProviderInitiator        : HHH000021: Bytecode provider name : bytebuddy
2024-09-04T21:45:12.163-03:00  INFO 19560 --- [    Test worker] o.s.o.j.p.SpringPersistenceUnitInfo      : No LoadTimeWeaver setup: ignoring JPA class transformer
2024-09-04T21:45:12.182-03:00  INFO 19560 --- [    Test worker] com.zaxxer.hikari.HikariDataSource       : HikariPool-1 - Starting...
2024-09-04T21:45:12.351-03:00  INFO 19560 --- [    Test worker] com.zaxxer.hikari.pool.HikariPool        : HikariPool-1 - Added connection conn0: url=jdbc:h2:mem:dbtest user=SA
2024-09-04T21:45:12.352-03:00  INFO 19560 --- [    Test worker] com.zaxxer.hikari.HikariDataSource       : HikariPool-1 - Start completed.
2024-09-04T21:45:12.609-03:00  INFO 19560 --- [    Test worker] o.h.b.i.BytecodeProviderInitiator        : HHH000021: Bytecode provider name : bytebuddy
2024-09-04T21:45:13.226-03:00  INFO 19560 --- [    Test worker] o.h.e.t.j.p.i.JtaPlatformInitiator       : HHH000490: Using JtaPlatform implementation: [org.hibernate.engine.transaction.jta.platform.internal.NoJtaPlatform]
2024-09-04T21:45:13.273-03:00  INFO 19560 --- [    Test worker] j.LocalContainerEntityManagerFactoryBean : Initialized JPA EntityManagerFactory for persistence unit 'default'
2024-09-04T21:45:14.094-03:00  WARN 19560 --- [    Test worker] JpaBaseConfiguration$JpaWebConfiguration : spring.jpa.open-in-view is enabled by default. Therefore, database queries may be performed during view rendering. Explicitly configure spring.jpa.open-in-view to disable this warning
2024-09-04T21:45:14.574-03:00  INFO 19560 --- [    Test worker] b.c.f.l.LanchoneteApplicationTests       : Started LanchoneteApplicationTests in 4.215 seconds (process running for 5.34)
]]></system-out>
  <system-err><![CDATA[]]></system-err>
</testsuite>
